[debug] [2017-07-10T16:37:58.922Z] ----------------------------------------------------------------------
[debug] [2017-07-10T16:37:58.926Z] Command:      /Users/brcaldwe/.nvm/versions/node/v4.6.0/bin/node /Users/brcaldwe/.nvm/versions/node/v4.6.0/bin/firebase login
[debug] [2017-07-10T16:37:58.926Z] CLI Version:  3.9.1
[debug] [2017-07-10T16:37:58.926Z] Platform:     darwin
[debug] [2017-07-10T16:37:58.926Z] Node Version: v4.6.0
[debug] [2017-07-10T16:37:58.927Z] Time:         Mon Jul 10 2017 12:37:58 GMT-0400 (EDT)
[debug] [2017-07-10T16:37:58.927Z] ----------------------------------------------------------------------
[debug] 
[info] 
[info] Visit this URL on any device to log in:
[info] https://accounts.google.com/o/oauth2/auth?client_id=563584335869-fgrhgmd47bqnekij5i8b5pr03ho849e6.apps.googleusercontent.com&scope=email%20openid%20https%3A%2F%2Fwww.googleapis.com%2Fauth%2Fcloudplatformprojects.readonly%20https%3A%2F%2Fwww.googleapis.com%2Fauth%2Ffirebase%20https%3A%2F%2Fwww.googleapis.com%2Fauth%2Fcloud-platform&response_type=code&state=477718256&redirect_uri=http%3A%2F%2Flocalhost%3A9005
[info] 
[info] Waiting for authentication...
[debug] [2017-07-10T16:38:09.008Z] >>> HTTP REQUEST POST https://accounts.google.com/o/oauth2/token { code: '4/mmJaJa26JjzwR1ftU61xGPcKY1wLAiCc0zkJLP1WvOM',
  client_id: '563584335869-fgrhgmd47bqnekij5i8b5pr03ho849e6.apps.googleusercontent.com',
  client_secret: 'j9iVZfS8kkCEFUPaAeJV0sAi',
  redirect_uri: 'http://localhost:9005',
  grant_type: 'authorization_code' } 
 Mon Jul 10 2017 12:38:09 GMT-0400 (EDT)
[debug] [2017-07-10T16:38:28.258Z] >>> HTTP REQUEST POST https://accounts.google.com/o/oauth2/token { code: '4/yYA49592UaEbehxb3tOdn0rSELi9GlwwQ-2Q7ZKAb0Y',
  client_id: '563584335869-fgrhgmd47bqnekij5i8b5pr03ho849e6.apps.googleusercontent.com',
  client_secret: 'j9iVZfS8kkCEFUPaAeJV0sAi',
  redirect_uri: 'http://localhost:9005',
  grant_type: 'authorization_code' } 
 Mon Jul 10 2017 12:38:28 GMT-0400 (EDT)
[debug] [2017-07-10T16:38:53.302Z] >>> HTTP REQUEST POST https://accounts.google.com/o/oauth2/token { code: '4/2rbnuFnib4eqrXBbjsHRMErSELi9GlwwQ-2Q7ZKAb0Y',
  client_id: '563584335869-fgrhgmd47bqnekij5i8b5pr03ho849e6.apps.googleusercontent.com',
  client_secret: 'j9iVZfS8kkCEFUPaAeJV0sAi',
  redirect_uri: 'http://localhost:9005',
  grant_type: 'authorization_code' } 
 Mon Jul 10 2017 12:38:53 GMT-0400 (EDT)
[debug] [2017-07-10T16:39:08.717Z] ----------------------------------------------------------------------
[debug] [2017-07-10T16:39:08.720Z] Command:      /Users/brcaldwe/.nvm/versions/node/v4.6.0/bin/node /Users/brcaldwe/.nvm/versions/node/v4.6.0/bin/firebase login
[debug] [2017-07-10T16:39:08.720Z] CLI Version:  3.9.1
[debug] [2017-07-10T16:39:08.720Z] Platform:     darwin
[debug] [2017-07-10T16:39:08.721Z] Node Version: v4.6.0
[debug] [2017-07-10T16:39:08.722Z] Time:         Mon Jul 10 2017 12:39:08 GMT-0400 (EDT)
[debug] [2017-07-10T16:39:08.722Z] ----------------------------------------------------------------------
[debug] 
[info] 
[info] Visit this URL on any device to log in:
[info] https://accounts.google.com/o/oauth2/auth?client_id=563584335869-fgrhgmd47bqnekij5i8b5pr03ho849e6.apps.googleusercontent.com&scope=email%20openid%20https%3A%2F%2Fwww.googleapis.com%2Fauth%2Fcloudplatformprojects.readonly%20https%3A%2F%2Fwww.googleapis.com%2Fauth%2Ffirebase%20https%3A%2F%2Fwww.googleapis.com%2Fauth%2Fcloud-platform&response_type=code&state=183146575&redirect_uri=http%3A%2F%2Flocalhost%3A9005
[info] 
[info] Waiting for authentication...
[debug] [2017-07-10T16:39:20.124Z] >>> HTTP REQUEST POST https://accounts.google.com/o/oauth2/token { code: '4/goIGKPV7kAzcmdk_hXFprhXFZHa69bIGQwmbddZZKfs',
  client_id: '563584335869-fgrhgmd47bqnekij5i8b5pr03ho849e6.apps.googleusercontent.com',
  client_secret: 'j9iVZfS8kkCEFUPaAeJV0sAi',
  redirect_uri: 'http://localhost:9005',
  grant_type: 'authorization_code' } 
 Mon Jul 10 2017 12:39:20 GMT-0400 (EDT)
[debug] [2017-07-10T16:40:48.164Z] >>> HTTP REQUEST POST https://accounts.google.com/o/oauth2/token { code: '4/vH40gfymAmPbnwUwSzNHaH8Lc9oQx7ATwHkvFXFvVII',
  client_id: '563584335869-fgrhgmd47bqnekij5i8b5pr03ho849e6.apps.googleusercontent.com',
  client_secret: 'j9iVZfS8kkCEFUPaAeJV0sAi',
  redirect_uri: 'http://localhost:9005',
  grant_type: 'authorization_code' } 
 Mon Jul 10 2017 12:40:48 GMT-0400 (EDT)
[debug] [2017-07-10T16:42:21.094Z] >>> HTTP REQUEST POST https://accounts.google.com/o/oauth2/token { code: '4/vH40gfymAmPbnwUwSzNHaH8Lc9oQx7ATwHkvFXFvVII',
  client_id: '563584335869-fgrhgmd47bqnekij5i8b5pr03ho849e6.apps.googleusercontent.com',
  client_secret: 'j9iVZfS8kkCEFUPaAeJV0sAi',
  redirect_uri: 'http://localhost:9005',
  grant_type: 'authorization_code' } 
 Mon Jul 10 2017 12:42:21 GMT-0400 (EDT)
